<?xml version="1.0" encoding="UTF-8"?>
<testng-results ignored="0" total="2" passed="2" failed="0" skipped="0">
  <reporter-output>
  </reporter-output>
  <suite started-at="2024-08-07T18:24:45 IST" name="ParallelTests" finished-at="2024-08-07T18:25:22 IST" duration-ms="37417">
    <groups>
    </groups>
    <test started-at="2024-08-07T18:24:45 IST" name="TestGoogle" finished-at="2024-08-07T18:24:54 IST" duration-ms="8985">
      <class name="com.seleniumstandalonegrid.GoogleTest">
        <test-method is-config="true" signature="setUp(java.lang.String)[pri:0, instance:com.seleniumstandalonegrid.GoogleTest@48f278eb]" started-at="2024-08-07T18:24:45 IST" name="setUp" finished-at="2024-08-07T18:24:51 IST" duration-ms="5580" status="PASS">
          <params>
            <param index="0">
              <value>
                <![CDATA[chrome]]>
              </value>
            </param>
          </params>
          <reporter-output>
          </reporter-output>
        </test-method> <!-- setUp -->
        <test-method signature="launchGoogle()[pri:0, instance:com.seleniumstandalonegrid.GoogleTest@48f278eb]" started-at="2024-08-07T18:24:51 IST" name="launchGoogle" finished-at="2024-08-07T18:24:52 IST" duration-ms="1697" status="PASS">
          <reporter-output>
          </reporter-output>
        </test-method> <!-- launchGoogle -->
        <test-method is-config="true" signature="tearDown()[pri:0, instance:com.seleniumstandalonegrid.GoogleTest@48f278eb]" started-at="2024-08-07T18:24:52 IST" name="tearDown" finished-at="2024-08-07T18:24:54 IST" duration-ms="1648" status="PASS">
          <reporter-output>
          </reporter-output>
        </test-method> <!-- tearDown -->
      </class> <!-- com.seleniumstandalonegrid.GoogleTest -->
    </test> <!-- TestGoogle -->
    <test started-at="2024-08-07T18:24:45 IST" name="TestYahoo" finished-at="2024-08-07T18:25:22 IST" duration-ms="37417">
      <class name="com.seleniumstandalonegrid.YahooTest">
        <test-method is-config="true" signature="setUp(java.lang.String)[pri:0, instance:com.seleniumstandalonegrid.YahooTest@5d534f5d]" started-at="2024-08-07T18:24:45 IST" name="setUp" finished-at="2024-08-07T18:24:50 IST" duration-ms="5429" status="PASS">
          <params>
            <param index="0">
              <value>
                <![CDATA[chrome]]>
              </value>
            </param>
          </params>
          <reporter-output>
          </reporter-output>
        </test-method> <!-- setUp -->
        <test-method signature="launchYahoo()[pri:0, instance:com.seleniumstandalonegrid.YahooTest@5d534f5d]" started-at="2024-08-07T18:24:50 IST" name="launchYahoo" finished-at="2024-08-07T18:25:22 IST" duration-ms="31407" status="PASS">
          <reporter-output>
          </reporter-output>
        </test-method> <!-- launchYahoo -->
        <test-method is-config="true" signature="tearDown()[pri:0, instance:com.seleniumstandalonegrid.YahooTest@5d534f5d]" started-at="2024-08-07T18:25:22 IST" name="tearDown" finished-at="2024-08-07T18:25:22 IST" duration-ms="526" status="PASS">
          <reporter-output>
          </reporter-output>
        </test-method> <!-- tearDown -->
      </class> <!-- com.seleniumstandalonegrid.YahooTest -->
    </test> <!-- TestYahoo -->
  </suite> <!-- ParallelTests -->
</testng-results>
